<?xml version="1.0" encoding="UTF-8"?>
<!-- Generated by org.testng.reporters.JUnitReportReporter -->
<testsuite skipped="1" hostname="dell" name="TestngPack.validWorkflow" tests="2" failures="0" timestamp="3 Mar 2021 06:26:43 GMT" time="108.520" errors="0">
  <testcase name="ViewIssues" time="108.519" classname="TestngPack.validWorkflow"/>
  <testcase name="workflow" time="0.001" classname="TestngPack.validWorkflow">
    <skipped/>
  </testcase> <!-- workflow -->
</testsuite> <!-- TestngPack.validWorkflow -->
