<?xml version="1.0" encoding="UTF-8"?>
<!-- Generated by org.testng.reporters.JUnitReportReporter -->
<testsuite skipped="2" hostname="dell" name="TestngPack.Modifyanissue" tests="3" failures="0" timestamp="3 Mar 2021 06:26:43 GMT" time="78.904" errors="0">
  <testcase name="modify" time="0.001" classname="TestngPack.Modifyanissue">
    <skipped/>
  </testcase> <!-- modify -->
  <testcase name="LocateProject" time="78.902" classname="TestngPack.Modifyanissue"/>
  <testcase name="LocateMenuIssue" time="0.001" classname="TestngPack.Modifyanissue">
    <skipped/>
  </testcase> <!-- LocateMenuIssue -->
</testsuite> <!-- TestngPack.Modifyanissue -->
