<?xml version="1.0" encoding="UTF-8"?>
<!-- Generated by org.testng.reporters.JUnitReportReporter -->
<testsuite skipped="0" hostname="dell" name="TestngPack.Newtravel" tests="5" failures="0" timestamp="1 Mar 2021 15:27:37 GMT" time="11.073" errors="0">
  <testcase name="searchResult" time="0.161" classname="TestngPack.Newtravel"/>
  <testcase name="personalForm" time="0.964" classname="TestngPack.Newtravel"/>
  <testcase name="travelLink" time="1.948" classname="TestngPack.Newtravel"/>
  <testcase name="resultSort" time="5.282" classname="TestngPack.Newtravel"/>
  <testcase name="tripForm" time="2.718" classname="TestngPack.Newtravel"/>
</testsuite> <!-- TestngPack.Newtravel -->
