<?xml version="1.0" encoding="UTF-8"?>
<!-- Generated by org.testng.reporters.JUnitReportReporter -->
<testsuite skipped="2" hostname="dell" name="TestngPack.LinkAssociate" tests="3" failures="0" timestamp="3 Mar 2021 06:26:43 GMT" time="78.634" errors="0">
  <testcase name="LinkedCards" time="0.001" classname="TestngPack.LinkAssociate">
    <skipped/>
  </testcase> <!-- LinkedCards -->
  <testcase name="LocateProject" time="78.631" classname="TestngPack.LinkAssociate"/>
  <testcase name="LocateMenuIssue" time="0.002" classname="TestngPack.LinkAssociate">
    <skipped/>
  </testcase> <!-- LocateMenuIssue -->
</testsuite> <!-- TestngPack.LinkAssociate -->
