<?xml version="1.0" encoding="UTF-8"?>
<!-- Generated by org.testng.reporters.JUnitReportReporter -->
<testsuite skipped="0" hostname="dell" name="TestngPack.Sample" tests="1" failures="0" timestamp="22 Feb 2021 09:29:23 GMT" time="0.009" errors="0">
  <testcase name="first" time="0.009" classname="TestngPack.Sample"/>
</testsuite> <!-- TestngPack.Sample -->
