<?xml version="1.0" encoding="UTF-8"?>
<!-- Generated by org.testng.reporters.JUnitReportReporter -->
<testsuite skipped="0" hostname="dell" name="TestngPack.Excer1" tests="1" failures="0" timestamp="22 Feb 2021 09:38:40 GMT" time="0.183" errors="0">
  <testcase name="fill" time="0.183" classname="TestngPack.Excer1"/>
</testsuite> <!-- TestngPack.Excer1 -->
