<?xml version="1.0" encoding="UTF-8"?>
<!-- Generated by org.testng.reporters.JUnitReportReporter -->
<testsuite skipped="1" hostname="dell" name="TestngPack.CreateIssue" tests="3" failures="0" timestamp="3 Mar 2021 06:26:43 GMT" time="85.234" errors="0">
  <testcase name="LocateProject" time="80.852" classname="TestngPack.CreateIssue"/>
  <testcase name="LocateMenuIssue" time="4.381" classname="TestngPack.CreateIssue"/>
  <testcase name="LocateIssue" time="0.001" classname="TestngPack.CreateIssue">
    <skipped/>
  </testcase> <!-- LocateIssue -->
</testsuite> <!-- TestngPack.CreateIssue -->
